20240112	13:50:15	52e73c55-5312-4981-94f5-8212ae3ec2f1	OPTIONS	/catalog/books	http://localhost:3000
20240112	13:50:15	298389fb-3a59-47a9-8dba-a21fab0ec71a	OPTIONS	/catalog/books	http://localhost:3000
20240112	13:50:15	d3d63a1f-0fe8-4949-b86e-7d5287e8b306	OPTIONS	/catalog/books	http://localhost:3000
20240112	13:50:15	df93cb13-cc09-46a3-977c-e353922103ec	OPTIONS	/catalog/books	http://localhost:3000
20240112	13:50:15	0fe7cd4c-725a-41eb-9deb-0b64c867a826	GET	/catalog/books	http://localhost:3000
20240112	13:50:15	9d82b9c6-942b-4c10-92d4-94c5b9061ba8	GET	/catalog/books	http://localhost:3000
20240112	13:50:15	f2203d7b-96fd-4aea-ab35-073792bf23d2	GET	/catalog/books	http://localhost:3000
20240112	13:50:15	2a122608-ab4e-46d6-9d79-3fc98fc05d4e	GET	/catalog/books	http://localhost:3000
20240112	13:52:36	05f04cb2-f4f0-44e2-a2e0-a038768083b3	OPTIONS	/catalog/books	http://localhost:3000
20240112	13:52:36	0b1e3cf6-e5d4-408d-8255-cbad246d8413	OPTIONS	/catalog/books	http://localhost:3000
20240112	13:52:36	ec92ad43-89ca-4db4-afd3-f18f7c764029	OPTIONS	/catalog/books	http://localhost:3000
20240112	13:52:36	b8ed0e8f-85ee-407c-bc6c-97c30d5d99b9	OPTIONS	/catalog/books	http://localhost:3000
20240112	13:52:36	34557cf6-42b2-4e51-a510-4e7aa1f23bd7	GET	/catalog/books	http://localhost:3000
20240112	13:52:36	669ef6de-dca1-47d8-ac13-1c7ab00cf7fc	GET	/catalog/books	http://localhost:3000
20240112	13:52:36	f284730d-bf15-49ab-8919-5d7a55dd3709	GET	/catalog/books	http://localhost:3000
20240112	13:52:36	1f65c26d-ca6d-4d18-b47a-b87fac1bc164	GET	/catalog/books	http://localhost:3000
20240112	13:54:28	8ebe7eed-1165-4b62-8b7c-6a0b831cb1f8	OPTIONS	/catalog/books	http://localhost:3000
20240112	13:54:28	85cad807-8997-44e2-bcd6-94c3b62071e8	OPTIONS	/catalog/books	http://localhost:3000
20240112	13:54:28	da035fec-f3db-4070-95dc-51b9f09fa63e	GET	/catalog/books	http://localhost:3000
20240112	13:54:28	404abf41-079f-48dc-9b9b-1edb537aae63	GET	/catalog/books	http://localhost:3000
20240112	13:55:14	8bd8e5d8-b4bb-46d7-a4ff-d776b8d62bde	OPTIONS	/catalog/books	http://localhost:3000
20240112	13:55:14	4dea7663-7059-471b-892a-ce9f92b4c795	GET	/catalog/books	http://localhost:3000
20240112	13:55:14	cee40417-8237-41e1-aa31-b20dc60a608e	OPTIONS	/catalog/books	http://localhost:3000
20240112	13:55:14	9e11e93c-f461-41f1-bcc4-23be607bb088	GET	/catalog/books	http://localhost:3000
20240112	13:55:18	56043d50-08b8-4572-864c-43a003b91ae1	GET	/catalog/books	http://localhost:3000
20240112	13:55:18	812e0fbd-58ad-45fa-9392-8fc8d60400d2	GET	/catalog/books	http://localhost:3000
20240112	13:55:18	198b3ed0-c7b8-401d-8e77-42faf9370502	GET	/catalog/books	http://localhost:3000
20240112	13:55:18	b8cb7a10-9c7d-4fe1-8b0b-cb8fe6582cca	GET	/catalog/books	http://localhost:3000
20240112	13:57:02	e28c0e06-0ea5-42dd-abe5-3437caccafcd	OPTIONS	/catalog/book/undefined	http://localhost:3000
20240112	13:57:02	f0274342-39a8-49d1-96fa-d168c077a26e	OPTIONS	/catalog/book/undefined	http://localhost:3000
20240112	13:57:02	fd2d982c-5818-4c22-87e3-942f7265b662	GET	/catalog/book/undefined	http://localhost:3000
20240112	13:57:02	e3e432e2-8d7a-43d4-807b-32ebf575a1d6	GET	/catalog/book/undefined	http://localhost:3000
20240112	13:57:40	4c11ec6b-a8cb-4357-8cc9-64b52450acca	OPTIONS	/catalog/books	http://localhost:3000
20240112	13:57:40	37469b00-fae9-4a8a-b80c-3c05dbc3ba8d	GET	/catalog/books	http://localhost:3000
20240112	13:57:40	677ec7a6-2877-4e17-8fbe-02e6fc1d461f	OPTIONS	/catalog/books	http://localhost:3000
20240112	13:57:40	bc782d26-2016-4d2c-806d-077a96be5be7	OPTIONS	/catalog/books	http://localhost:3000
20240112	13:57:40	d0efd27c-c30d-4b40-8d22-3a7a377fe404	OPTIONS	/catalog/books	http://localhost:3000
20240112	13:57:40	3b5c4c34-827d-4b18-82cf-bab2f29a8ea1	GET	/catalog/books	http://localhost:3000
20240112	13:57:40	1a54653d-0ce8-4239-ba54-f557e7a3d453	GET	/catalog/books	http://localhost:3000
20240112	13:57:40	05477f56-0b6b-4813-867b-723e0560dd9c	GET	/catalog/books	http://localhost:3000
20240112	13:57:57	6971d19d-4548-4127-a482-7ac6d6ae0e3c	OPTIONS	/catalog/books	http://localhost:3000
20240112	13:57:57	c34ebfb1-e042-4760-b9d3-216f4dcbae19	GET	/catalog/books	http://localhost:3000
20240112	13:57:57	92e86882-1a91-4d3b-9b78-804383664c64	OPTIONS	/catalog/books	http://localhost:3000
20240112	13:57:57	0c1450ab-319f-4f1a-b72b-2a4e2e2b05fd	GET	/catalog/books	http://localhost:3000
20240112	13:58:43	a7a1cb76-e79e-4d2d-bb12-e25624f6c3e2	OPTIONS	/catalog/books	http://localhost:3000
20240112	13:58:43	ea267fd6-006b-4ce0-b9c9-85611f57ce1e	GET	/catalog/books	http://localhost:3000
20240112	13:58:43	75534bfd-246c-49a7-8238-b77afd9abb66	OPTIONS	/catalog/books	http://localhost:3000
20240112	13:58:43	3e42fdbc-b088-4077-a0f1-8cca750e478d	GET	/catalog/books	http://localhost:3000
20240112	13:58:52	564eed82-6c56-4a6e-b161-7e41e8f959c5	OPTIONS	/catalog/books	http://localhost:3000
20240112	13:58:52	706832ae-f811-4269-9f89-7be0482d4f5f	OPTIONS	/catalog/books	http://localhost:3000
20240112	13:58:52	2a74355b-2efd-4209-b9ef-f59501eb1636	OPTIONS	/catalog/books	http://localhost:3000
20240112	13:58:52	52a571d8-a1f8-4193-b7f5-534073397213	OPTIONS	/catalog/books	http://localhost:3000
20240112	13:58:52	b569276a-8bb3-43bb-a069-43b1c81a586f	GET	/catalog/books	http://localhost:3000
20240112	13:58:52	8479f0e4-3e37-4f90-9b52-7fdd7b72cbfc	GET	/catalog/books	http://localhost:3000
20240112	13:58:52	3a112aff-b27e-4687-80ef-40ebca156ca8	GET	/catalog/books	http://localhost:3000
20240112	13:58:52	0f0a36f8-9cf5-4876-9fe0-34c295d40ba1	GET	/catalog/books	http://localhost:3000
20240112	13:59:29	bbbe3b5c-3ce8-4744-8497-3d989f382c54	OPTIONS	/catalog/books	http://localhost:3000
20240112	13:59:29	35a859d8-1ec1-4593-8b51-36bc60f2787b	OPTIONS	/catalog/books	http://localhost:3000
20240112	13:59:29	540dfae7-2b3b-44c6-8b16-bfab8001b019	GET	/catalog/books	http://localhost:3000
20240112	13:59:29	0e2e4ff4-ad0f-4758-b819-c414a32bde5a	GET	/catalog/books	http://localhost:3000
20240112	13:59:50	4e3eaa7c-7b0f-4321-93bb-c0b5d4aefb4b	OPTIONS	/catalog/books	http://localhost:3000
20240112	13:59:50	2c0e2036-2c38-4e37-9ffc-aa05b53bb323	GET	/catalog/books	http://localhost:3000
20240112	13:59:50	5f21d241-de56-4307-8b21-604d090044ca	OPTIONS	/catalog/books	http://localhost:3000
20240112	13:59:50	824f2a17-4880-4871-b189-4b19429e8394	GET	/catalog/books	http://localhost:3000
20240112	13:59:55	b90b611c-e9eb-49fb-9c6a-e2d519866b69	GET	/catalog/books	http://localhost:3000
20240112	13:59:55	c6e4ca42-68b9-4e36-88f8-3842c73e3049	GET	/catalog/books	http://localhost:3000
20240112	13:59:55	dd046ac3-b71a-4f11-a222-c962fb82ab03	GET	/catalog/books	http://localhost:3000
20240112	13:59:55	995977c9-c274-447c-8fe6-a02d5025937b	GET	/catalog/books	http://localhost:3000
20240112	14:00:01	115c9ac0-0704-4e73-8591-c9aa4612c242	OPTIONS	/catalog/books	http://localhost:3000
20240112	14:00:01	be9b7699-74b2-4a61-890f-3d32f279a309	OPTIONS	/catalog/books	http://localhost:3000
20240112	14:00:01	4487a0f3-6a4d-4ea9-ad64-1289880260a9	GET	/catalog/books	http://localhost:3000
20240112	14:00:01	a7b50777-fb4d-432c-86de-a9279db31ae4	GET	/catalog/books	http://localhost:3000
20240112	14:00:35	af899628-80f8-4933-891c-ecd8bee206c9	OPTIONS	/catalog/books	http://localhost:3000
20240112	14:00:35	cb6e5868-e12c-4906-8274-c139d8d925b5	GET	/catalog/books	http://localhost:3000
20240112	14:00:35	853bec42-5c28-4766-8fd1-fabb45bbf338	OPTIONS	/catalog/books	http://localhost:3000
20240112	14:00:35	218df8ea-ab41-4d7d-9ca0-cc0c008afcb9	GET	/catalog/books	http://localhost:3000
20240112	14:02:35	6d229e11-cd0f-488d-8d31-66a2330ae6cf	OPTIONS	/catalog/books	http://localhost:3000
20240112	14:02:35	5e3ce943-5933-42d6-985c-ea2f3b602f14	GET	/catalog/books	http://localhost:3000
20240112	14:02:35	684e558f-5dac-4292-b822-dfafb351edfc	OPTIONS	/catalog/books	http://localhost:3000
20240112	14:02:35	09637521-5a2b-4ba6-a842-fef900500a8c	GET	/catalog/books	http://localhost:3000
20240112	14:02:41	a0561164-7339-45d8-8e0b-9f9d29a4cf72	OPTIONS	/catalog/books	http://localhost:3000
20240112	14:02:41	e5b7e159-92f5-4d9e-a0e7-b3dea19bd0b0	OPTIONS	/catalog/books	http://localhost:3000
20240112	14:02:41	89135cac-9ae5-4deb-897b-978768c38e28	OPTIONS	/catalog/books	http://localhost:3000
20240112	14:02:41	d571bc28-9bae-4f5b-915a-8d367b05f1dc	OPTIONS	/catalog/books	http://localhost:3000
20240112	14:02:41	0470fc86-66b3-4a68-98bd-fab36dcff47d	GET	/catalog/books	http://localhost:3000
20240112	14:02:41	6e785ce8-88b7-4994-ac39-1c6261a189d4	GET	/catalog/books	http://localhost:3000
20240112	14:02:41	dbd2ebac-f650-455d-bb89-8e39e9e54e97	GET	/catalog/books	http://localhost:3000
20240112	14:02:41	c4a7e6eb-b56a-4422-acfb-281cfd44ae52	GET	/catalog/books	http://localhost:3000
20240112	14:02:54	990c5889-aad5-41aa-b923-fea23a7ee299	OPTIONS	/catalog/books	http://localhost:3000
20240112	14:02:54	c2d065c1-7c28-47e5-9701-4dd7add11e45	OPTIONS	/catalog/books	http://localhost:3000
20240112	14:02:54	3f91ed71-fc3a-4767-9776-7057e3876d72	GET	/catalog/books	http://localhost:3000
20240112	14:02:54	edacc04a-90ba-4c0b-ba32-5bdeb47a5455	GET	/catalog/books	http://localhost:3000
20240112	14:05:05	ebf207ba-be76-4707-bcde-d10628202e29	OPTIONS	/catalog/books	http://localhost:3000
20240112	14:05:05	22c0895b-19b3-4fe2-8d15-7e8e98bffc7d	GET	/catalog/books	http://localhost:3000
20240112	14:05:05	954943b7-0f25-425e-8a2c-4654a96844f6	OPTIONS	/catalog/books	http://localhost:3000
20240112	14:05:06	deb8f7a8-3431-49f5-aaa2-41fe127b4215	GET	/catalog/books	http://localhost:3000
20240112	14:05:15	1414c579-00f8-4ba6-9d81-baf5314a183e	OPTIONS	/catalog/books	http://localhost:3000
20240112	14:05:15	a1841f53-4598-4f8d-ba23-9743df94929e	OPTIONS	/catalog/books	http://localhost:3000
20240112	14:05:15	a5d61d52-e390-4e0f-8625-08032a4dc78f	OPTIONS	/catalog/books	http://localhost:3000
20240112	14:05:15	316b56ec-d6b4-425d-9981-9422f1abb099	OPTIONS	/catalog/books	http://localhost:3000
20240112	14:05:15	35c695a3-e0a5-408c-bde7-efa9477237f3	GET	/catalog/books	http://localhost:3000
20240112	14:05:15	dd8425ef-a368-460d-9f88-87fdd19afcfd	GET	/catalog/books	http://localhost:3000
20240112	14:05:15	93da60d0-2681-45fa-9700-26fd914a03c4	GET	/catalog/books	http://localhost:3000
20240112	14:05:15	c9ce45dd-6623-45e2-9d9e-4547bf6f5460	GET	/catalog/books	http://localhost:3000
20240112	14:05:32	43e12cf4-27c2-4828-9b5a-c3334dbfece2	OPTIONS	/catalog/books	http://localhost:3000
20240112	14:05:32	5ad22e3d-9266-4c67-a862-7f3bc07877ad	OPTIONS	/catalog/books	http://localhost:3000
20240112	14:05:32	42dbc468-64c6-4f09-8469-37d9e03f2340	GET	/catalog/books	http://localhost:3000
20240112	14:05:32	17b2e371-9e63-41eb-b7a9-e0c0d246b433	GET	/catalog/books	http://localhost:3000
20240112	14:05:44	66ca7b38-8c8b-4772-859c-b647daea3762	OPTIONS	/catalog/books	http://localhost:3000
20240112	14:05:44	36176f03-1f26-4d02-beb4-6d3bf16bd4da	GET	/catalog/books	http://localhost:3000
20240112	14:05:44	984f7edc-058f-4b8f-a145-59ca2fc48888	OPTIONS	/catalog/books	http://localhost:3000
20240112	14:05:44	35f6604f-0528-4744-a770-8cb456a7e7f6	GET	/catalog/books	http://localhost:3000
20240112	14:06:01	0aaa5b93-e6a4-4ae4-82f2-806217f88243	OPTIONS	/catalog/books	http://localhost:3000
20240112	14:06:01	a6c5e529-2dbc-4ee7-a86b-97e70ded3cfd	GET	/catalog/books	http://localhost:3000
20240112	14:06:01	306abd47-85f2-4da7-bbb1-568b9ef4de47	OPTIONS	/catalog/books	http://localhost:3000
20240112	14:06:01	1300795d-905b-4502-8551-5d18ebdc4e18	GET	/catalog/books	http://localhost:3000
20240112	14:06:16	1da32741-fee8-4934-a514-028a89658933	OPTIONS	/catalog/books	http://localhost:3000
20240112	14:06:16	b22d1d10-1765-4c2c-837f-5e83f2552732	GET	/catalog/books	http://localhost:3000
20240112	14:06:16	08478bba-5164-4f66-aadd-c3672bed5887	OPTIONS	/catalog/books	http://localhost:3000
20240112	14:06:16	9fb1ff5e-2bc1-4fc3-83c2-2f2d2376c453	GET	/catalog/books	http://localhost:3000
20240112	14:06:21	1f3d2fdd-dbf0-4dbf-981a-fcd7a4b04255	GET	/catalog/books	http://localhost:3000
20240112	14:06:21	57f0a458-73f4-4755-9ca7-8776ed0f8003	GET	/catalog/books	http://localhost:3000
20240112	14:06:21	3a2fa380-df41-400b-aac3-5a95c31cddb8	GET	/catalog/books	http://localhost:3000
20240112	14:06:21	056e976c-e5f8-4069-a43a-83d0a2e581a7	GET	/catalog/books	http://localhost:3000
20240112	14:06:31	1382afcc-4f9c-4b86-8f59-2e0cb8ba5782	OPTIONS	/catalog/books	http://localhost:3000
20240112	14:06:31	6da06fd2-9662-4757-8511-fb70226c43e2	OPTIONS	/catalog/books	http://localhost:3000
20240112	14:06:31	5806817d-4eb8-4bf6-ac61-43ca8d448e56	GET	/catalog/books	http://localhost:3000
20240112	14:06:31	ae8a68d7-3bb1-47e3-831d-341ae4c07574	GET	/catalog/books	http://localhost:3000
20240112	14:06:50	9316a280-56df-4517-99b2-1843a7b9ccc3	OPTIONS	/catalog/books	http://localhost:3000
20240112	14:06:50	cf52e920-f530-4862-b2f5-76ba2052308d	OPTIONS	/catalog/books	http://localhost:3000
20240112	14:06:50	83d5576b-b1f8-4e65-a6c7-6ed8a4dce55c	GET	/catalog/books	http://localhost:3000
20240112	14:06:50	ecd8e1c3-1d79-4904-948e-21c1458a2ac0	GET	/catalog/books	http://localhost:3000
20240112	14:06:52	b8d4e1bd-117b-4f2b-844f-4d1a9d014088	GET	/catalog/books	http://localhost:3000
20240112	14:06:52	96345295-fc0d-4a8c-8821-3a90f6e6820d	GET	/catalog/books	http://localhost:3000
20240112	14:06:53	6725b3f6-e147-4843-9885-e71ba635b863	GET	/catalog/books	http://localhost:3000
20240112	14:06:53	7efb62be-60cc-4505-a62f-a854a1d49960	GET	/catalog/books	http://localhost:3000
20240112	14:07:14	68023943-6924-4ee5-ae51-b81e593bf3c3	OPTIONS	/catalog/books	http://localhost:3000
20240112	14:07:14	25217a1d-10a0-43a2-9fd4-11741a6d6f0b	OPTIONS	/catalog/books	http://localhost:3000
20240112	14:07:14	70797fb1-781b-4376-8844-3f5f6ca37b10	GET	/catalog/books	http://localhost:3000
20240112	14:07:14	c8d6783f-2246-4409-ba10-0ba8e3f83adb	GET	/catalog/books	http://localhost:3000
20240112	14:07:32	57c17cd0-39d8-46a1-ae2b-eb334563db9a	OPTIONS	/catalog/books	http://localhost:3000
20240112	14:07:32	6e770a2c-4316-4496-aecd-d612fdc78adf	OPTIONS	/catalog/books	http://localhost:3000
20240112	14:07:32	4791d36c-85d3-4b2e-94ff-3c1296f66b8a	GET	/catalog/books	http://localhost:3000
20240112	14:07:32	9547c420-37a2-4f8e-a8c1-b311b060a1d5	GET	/catalog/books	http://localhost:3000
20240112	14:07:44	7233c6d7-a7d9-4800-adc4-70a0f9fa6a6a	OPTIONS	/catalog/books	http://localhost:3000
20240112	14:07:44	a9d9f562-7521-4ed8-bcaa-639fffed8d4e	GET	/catalog/books	http://localhost:3000
20240112	14:07:44	0089530b-2969-4fd3-b74c-0d593e1e6fa3	OPTIONS	/catalog/books	http://localhost:3000
20240112	14:07:44	cb57df3c-823f-49af-8d82-0d5eb96657e9	GET	/catalog/books	http://localhost:3000
20240112	14:08:05	6212f2ff-aef6-4db9-baf2-8c6c106efc50	OPTIONS	/catalog/books	http://localhost:3000
20240112	14:08:05	c7af6285-8283-49df-9a81-4db323dbebcc	GET	/catalog/books	http://localhost:3000
20240112	14:08:05	91b9d07c-a321-4ff3-bbe8-bf488f7bfcc6	OPTIONS	/catalog/books	http://localhost:3000
20240112	14:08:05	8f5f1a94-bc41-4b81-85f3-ef3a08d30fd4	GET	/catalog/books	http://localhost:3000
20240112	14:08:12	8c1b2984-9c21-44cc-ad7e-63e534de235c	OPTIONS	/catalog/books	http://localhost:3000
20240112	14:08:12	1a63911a-603e-4772-bc8e-4a4b4a1088c6	OPTIONS	/catalog/books	http://localhost:3000
20240112	14:08:12	15aab4b2-f6bc-439d-a8ff-4e784dc448d3	OPTIONS	/catalog/books	http://localhost:3000
20240112	14:08:12	59224eaf-a396-47d6-b3a4-f68cfb5657d5	OPTIONS	/catalog/books	http://localhost:3000
20240112	14:08:12	ae5d7c0f-70ab-46af-999f-f7eb2452fff6	GET	/catalog/books	http://localhost:3000
20240112	14:08:12	d6d4a699-eb85-46f8-9685-9d82016ea0fe	GET	/catalog/books	http://localhost:3000
20240112	14:08:12	fa3cd693-657b-41e0-950d-fbc1b90ed0c5	GET	/catalog/books	http://localhost:3000
20240112	14:08:12	1f310988-1a39-427f-a16e-d36d8e3bed16	GET	/catalog/books	http://localhost:3000
20240112	14:10:15	e95c55ba-ac7f-4e06-b88b-8c99a4dad1df	OPTIONS	/catalog/books	http://localhost:3000
20240112	14:10:15	7bcf85da-eea1-4dcd-b422-7c86f32d6eeb	GET	/catalog/books	http://localhost:3000
20240112	14:10:15	84ee0b17-64dd-40a3-906e-4835231c217c	OPTIONS	/catalog/books	http://localhost:3000
20240112	14:10:15	96235ae9-2211-4067-97a4-d71c22c63cdb	OPTIONS	/catalog/books	http://localhost:3000
20240112	14:10:15	3c4f7301-6536-41e8-b76a-3d0548197cdf	OPTIONS	/catalog/books	http://localhost:3000
20240112	14:10:15	28bd7c33-6cea-4a33-b18e-b846f9021d28	GET	/catalog/books	http://localhost:3000
20240112	14:10:15	2d8842a0-696b-4485-8d66-c38dadd42944	GET	/catalog/books	http://localhost:3000
20240112	14:10:15	95b7ac99-e2c7-46cd-a10a-c07391322259	GET	/catalog/books	http://localhost:3000
20240112	14:13:15	98f9b648-c2eb-4f55-bf62-c405f38899d4	OPTIONS	/catalog/books	http://localhost:3000
20240112	14:13:15	de4df0c0-1aa1-4e0e-8cca-6aa2e2c407ef	OPTIONS	/catalog/books	http://localhost:3000
20240112	14:13:15	6903e184-eba8-4048-aef1-6c0b3c4e9a7a	OPTIONS	/catalog/books	http://localhost:3000
20240112	14:13:15	27d88ba1-e8d5-40f8-a938-0d8f071e5754	OPTIONS	/catalog/books	http://localhost:3000
20240112	14:13:15	b82871a1-2cd3-4171-91a7-afe44a1e2593	GET	/catalog/books	http://localhost:3000
20240112	14:13:15	b291687b-77c8-4387-98c3-22b83293e752	GET	/catalog/books	http://localhost:3000
20240112	14:13:15	d1d1bbe9-ab1b-4954-88cd-556005bd36f8	GET	/catalog/books	http://localhost:3000
20240112	14:13:15	e6cb0a6a-e777-496b-bdfa-369dd8a771bc	GET	/catalog/books	http://localhost:3000
20240112	14:14:42	8b9c6473-3329-45ee-a584-4a2d7492f29c	OPTIONS	/catalog/books	http://localhost:3000
20240112	14:14:42	be6a1814-264a-468c-b6e5-252407c7b038	OPTIONS	/catalog/books	http://localhost:3000
20240112	14:14:42	65e93119-4365-4129-bb8d-fdf2971afbfe	OPTIONS	/catalog/books	http://localhost:3000
20240112	14:14:42	ef7ef307-8aaa-4bba-9310-0a434b094080	OPTIONS	/catalog/books	http://localhost:3000
20240112	14:14:42	e5e811b0-f0d6-42c8-ba2a-bd6ad8d7adc9	GET	/catalog/books	http://localhost:3000
20240112	14:14:42	58163c22-a521-4f8b-92bd-4da7623df5f2	GET	/catalog/books	http://localhost:3000
20240112	14:14:42	d34d9f99-573c-4efd-8ab8-6dc313361f37	GET	/catalog/books	http://localhost:3000
20240112	14:14:42	926ba67e-34c3-4ca5-a29c-af756b0052d2	GET	/catalog/books	http://localhost:3000
20240112	14:17:59	cb59c654-78c4-46e5-a6d4-9c3b2fdff2eb	OPTIONS	/catalog/books	http://localhost:3000
20240112	14:17:59	cdb5a5da-9885-4de1-b044-ffbddef816c3	GET	/catalog/books	http://localhost:3000
20240112	14:17:59	d41807fc-0c6c-4e82-bcb5-aa214b61e223	OPTIONS	/catalog/books	http://localhost:3000
20240112	14:17:59	142165b8-7445-4c1f-a48f-1230d8802a22	GET	/catalog/books	http://localhost:3000
20240112	14:20:34	85e1abe5-e43e-4664-bfa4-ad6117283c0a	OPTIONS	/catalog/books	http://localhost:3000
20240112	14:20:34	86adfad8-6772-4175-9494-0d7369ca7968	GET	/catalog/books	http://localhost:3000
20240112	14:20:34	8b43fa05-25ea-42bc-90b5-141ef817c997	OPTIONS	/catalog/books	http://localhost:3000
20240112	14:20:34	abde42c2-c920-4664-b60a-2bdd16ad0005	GET	/catalog/books	http://localhost:3000
20240112	14:20:39	f628f0a5-718d-4c91-a5eb-98e5446e79f0	GET	/catalog/books	http://localhost:3000
20240112	14:20:39	25e1b249-24c8-47ac-9610-d1792a3cb9b9	GET	/catalog/books	http://localhost:3000
20240112	14:20:39	f3698af4-2ee7-4a8a-b6d7-7d537184192b	GET	/catalog/books	http://localhost:3000
20240112	14:20:39	1e8ede49-ff56-43fd-b0a2-bad7c8cc7b32	GET	/catalog/books	http://localhost:3000
20240112	14:20:49	6096f2c5-d79b-4646-8d8e-b06304e87eb4	OPTIONS	/catalog/books	http://localhost:3000
20240112	14:20:49	7d49534e-a44b-4c5e-a71b-430b0853f67d	OPTIONS	/catalog/books	http://localhost:3000
20240112	14:20:49	dbc9caba-9cc5-4dd9-bfb6-762b96339d46	OPTIONS	/catalog/books	http://localhost:3000
20240112	14:20:49	7e29de06-b690-4e21-af76-a55785c77c67	OPTIONS	/catalog/books	http://localhost:3000
20240112	14:20:49	bc7837ec-992c-4230-8fd3-45ff7b950ea4	GET	/catalog/books	http://localhost:3000
20240112	14:20:49	c63a8bcf-6d9b-43a2-a836-996c4f3bfc94	GET	/catalog/books	http://localhost:3000
20240112	14:20:49	82614685-3ec3-4102-affb-1632299c045c	GET	/catalog/books	http://localhost:3000
20240112	14:20:49	ec921411-0810-4d0b-b84d-7a08678c2d3e	GET	/catalog/books	http://localhost:3000
20240112	14:21:36	37a27413-8f9a-4d83-a6d3-7a4364df920a	OPTIONS	/catalog/books	http://localhost:3000
20240112	14:21:36	78a7a86e-c4df-44ab-a435-49c440010f1e	OPTIONS	/catalog/books	http://localhost:3000
20240112	14:21:36	c086300f-a342-433e-aae5-3f7f0de925b3	GET	/catalog/books	http://localhost:3000
20240112	14:21:36	bdf9ea5a-0d88-4a3c-bc45-786aa63f4985	GET	/catalog/books	http://localhost:3000
20240112	14:21:41	640d01c0-5bb9-4e7b-aef8-ef90a667e5ed	GET	/catalog/books	http://localhost:3000
20240112	14:21:41	f2628dce-076e-46db-a363-0fae068bd619	GET	/catalog/books	http://localhost:3000
20240112	14:21:41	0ba78b49-1d80-4b4c-a23d-f97db8e4c364	GET	/catalog/books	http://localhost:3000
20240112	14:21:41	b2c20ef8-f531-4959-8733-49ace2d41e68	GET	/catalog/books	http://localhost:3000
20240112	14:22:02	fe5db25b-dfdb-4841-886b-a712b6369848	OPTIONS	/catalog/books	http://localhost:3000
20240112	14:22:02	a4da303c-a9d4-429e-992a-efc1d6c63849	OPTIONS	/catalog/books	http://localhost:3000
20240112	14:22:02	2cf793a1-17fb-4084-b34a-0ed8ff5e267c	GET	/catalog/books	http://localhost:3000
20240112	14:22:02	ab364476-0d78-4a36-a5af-899130e5b55e	GET	/catalog/books	http://localhost:3000
20240112	14:22:20	203e5faf-862b-49c0-ab27-72c7d955c01b	OPTIONS	/catalog/books	http://localhost:3000
20240112	14:22:20	2c85d264-d8d6-48ff-8aa7-1798ff92a475	OPTIONS	/catalog/books	http://localhost:3000
20240112	14:22:20	bdd89daf-a4ff-4044-a0df-f5db1f521bd9	GET	/catalog/books	http://localhost:3000
20240112	14:22:20	8e5588a9-642d-4085-92c9-fa2c2c23b41e	GET	/catalog/books	http://localhost:3000
20240112	14:22:55	268b9c2b-068c-4e8f-b4cc-61e999c32ae4	OPTIONS	/catalog/books	http://localhost:3000
20240112	14:22:55	a3dc917a-f01f-4569-806f-3270ba512777	GET	/catalog/books	http://localhost:3000
20240112	14:22:55	99e28e84-e9b2-4d93-9da5-f6c95cdfd96f	OPTIONS	/catalog/books	http://localhost:3000
20240112	14:22:55	76c99089-3830-44a4-9767-82b5933a1e25	GET	/catalog/books	http://localhost:3000
20240112	14:23:47	b1cd801f-314f-46e4-9dff-a5f759b8c513	OPTIONS	/catalog/books	http://localhost:3000
20240112	14:23:47	8b6fe4a1-9d3c-4c8e-b14c-f9d586a8b07c	GET	/catalog/books	http://localhost:3000
20240112	14:23:47	d4ccdb5c-b709-4dc9-bb15-0581031d6005	OPTIONS	/catalog/books	http://localhost:3000
20240112	14:23:47	19edede4-f7c8-4064-9098-c84158b51bf6	GET	/catalog/books	http://localhost:3000
20240112	14:24:51	b5710889-6d33-426c-92d3-59d09920e1bb	OPTIONS	/catalog/books	http://localhost:3000
20240112	14:24:51	7168669a-b7c0-4f26-bb36-9d3a11864869	OPTIONS	/catalog/books	http://localhost:3000
20240112	14:24:51	8b2d6cf2-b219-4c94-9b2d-ccff6e037bcf	GET	/catalog/books	http://localhost:3000
20240112	14:24:51	bddaa870-be08-467b-8a6b-0974cfe50189	GET	/catalog/books	http://localhost:3000
20240112	14:24:54	04b944dc-560a-4780-b698-1b6031bdc4f3	GET	/catalog/books	http://localhost:3000
20240112	14:24:54	c1d18eeb-aed7-4d43-815e-19129a0ed585	GET	/catalog/books	http://localhost:3000
20240112	14:24:54	fd97ccfa-81bf-4e3e-bd20-8ce7406e4819	GET	/catalog/books	http://localhost:3000
20240112	14:24:54	fa84b4d9-0946-4f07-8886-f7fd122af540	GET	/catalog/books	http://localhost:3000
20240112	14:25:28	4963a55b-6684-481b-a0c1-4ba578ab8349	OPTIONS	/catalog/books	http://localhost:3000
20240112	14:25:28	5d9f4cfa-b146-47ed-b5cd-24871a867de4	OPTIONS	/catalog/books	http://localhost:3000
20240112	14:25:28	e61c5217-df7b-4540-8417-3212f77fb3e7	GET	/catalog/books	http://localhost:3000
20240112	14:25:28	367c9637-e39f-444e-9e17-d39302762d2a	GET	/catalog/books	http://localhost:3000
20240112	14:26:00	77c23d2b-abfa-417d-848d-fb438d881396	OPTIONS	/catalog/books	http://localhost:3000
20240112	14:26:00	a762e1c8-4a73-410c-80b1-fd5edcb5946a	OPTIONS	/catalog/books	http://localhost:3000
20240112	14:26:00	f4361866-feae-4deb-8b6a-89708e6a5381	GET	/catalog/books	http://localhost:3000
20240112	14:26:00	3dce847d-aef5-4d7a-9b4d-3939ae1a2770	GET	/catalog/books	http://localhost:3000
20240112	14:26:55	3791ee6f-53ff-4fa4-9eee-53f05f8b388e	OPTIONS	/catalog/books	http://localhost:3000
20240112	14:26:55	16df108d-910e-402d-a476-7c4547e799b1	OPTIONS	/catalog/books	http://localhost:3000
20240112	14:26:55	28ad7cc5-ac34-429d-8af5-32cae6ec0ccc	GET	/catalog/books	http://localhost:3000
20240112	14:26:55	d6a6712a-7cba-416b-a1fe-1c39661005e6	GET	/catalog/books	http://localhost:3000
20240112	14:27:07	d383ea04-2531-4888-94f9-ceb59b885614	OPTIONS	/catalog/books	http://localhost:3000
20240112	14:27:07	b4762156-a6f7-43e8-915b-7fab5bd03084	OPTIONS	/catalog/books	http://localhost:3000
20240112	14:27:07	ec2bc334-39eb-4c24-977f-bbc51140a836	OPTIONS	/catalog/books	http://localhost:3000
20240112	14:27:07	a8ac0079-4ebf-49ce-b6ef-0b181bcef7b4	OPTIONS	/catalog/books	http://localhost:3000
20240112	14:27:07	bc760c8f-1951-450b-966b-e0d1a56025a9	GET	/catalog/books	http://localhost:3000
20240112	14:27:07	604a0a94-e56d-4fab-b365-63a88604c741	GET	/catalog/books	http://localhost:3000
20240112	14:27:07	c3f151d0-5ce0-49a8-b29d-ade0fe2f7f9d	GET	/catalog/books	http://localhost:3000
20240112	14:27:07	b0bc3003-c6b7-4081-8ec6-1de9f0cdb91e	GET	/catalog/books	http://localhost:3000
20240112	14:27:22	cb80ae92-80b9-41ac-9294-8fdf4aa15dfa	OPTIONS	/catalog/books	http://localhost:3000
20240112	14:27:22	284e6ec7-12eb-45e2-9c56-9afa7c7238de	OPTIONS	/catalog/books	http://localhost:3000
20240112	14:27:22	e3fe8f6c-0870-4b69-ad5a-4dba561c1280	GET	/catalog/books	http://localhost:3000
20240112	14:27:22	aef4546c-96fb-428d-990e-289ba1849870	GET	/catalog/books	http://localhost:3000
20240112	14:27:39	edc660b8-d0f4-420c-9c57-e17bb7534b69	OPTIONS	/catalog/books	http://localhost:3000
20240112	14:27:39	2ab24415-f51f-42a3-885a-a1ae0c3262c2	OPTIONS	/catalog/books	http://localhost:3000
20240112	14:27:39	0fe56472-5ab7-45a5-945e-d6ee5cdce9e3	GET	/catalog/books	http://localhost:3000
20240112	14:27:39	f91788f0-bccf-4af5-86b5-93df00625078	GET	/catalog/books	http://localhost:3000
20240112	14:27:49	dd4b1593-55c8-4699-9508-0def53258b12	OPTIONS	/catalog/books	http://localhost:3000
20240112	14:27:49	6b5088fd-ca4b-4648-acf9-052d73ef6523	OPTIONS	/catalog/books	http://localhost:3000
20240112	14:27:49	0cde9b93-b063-4e78-983a-c3a840ed313e	GET	/catalog/books	http://localhost:3000
20240112	14:27:49	da27dd45-3211-44bf-862d-634e806da529	GET	/catalog/books	http://localhost:3000
20240112	14:27:59	877c05cd-b8e5-434a-b8f6-c1e4f1e0b99d	OPTIONS	/catalog/books	http://localhost:3000
20240112	14:27:59	8a1d51c5-fcf5-4207-9a7b-77991fd4aa21	GET	/catalog/books	http://localhost:3000
20240112	14:27:59	e009c39d-85c6-4cb4-bc99-ed7007162323	OPTIONS	/catalog/books	http://localhost:3000
20240112	14:27:59	65c051fb-89bf-4c58-8c97-5d587091bd7e	GET	/catalog/books	http://localhost:3000
20240112	14:28:40	6845433c-0bd6-4116-b3e0-9913cc92efe1	OPTIONS	/catalog/books	http://localhost:3000
20240112	14:28:40	73fea1e3-9f83-488e-a473-4578150d424c	OPTIONS	/catalog/books	http://localhost:3000
20240112	14:28:40	84eccb48-820e-4a6b-8b57-4cd1991e7664	GET	/catalog/books	http://localhost:3000
20240112	14:28:40	e1c48b3c-aa34-4567-8d1b-d9c39ed67c59	GET	/catalog/books	http://localhost:3000
20240112	14:28:43	31631e1c-593b-484d-b492-25baa0c0e07f	GET	/catalog/books	http://localhost:3000
20240112	14:28:43	3b297381-ace7-4e59-bc21-0894fdd5d1fd	GET	/catalog/books	http://localhost:3000
20240112	14:28:44	4da3b1d4-f7fd-46f5-8a85-b45f95a51ca5	GET	/catalog/books	http://localhost:3000
20240112	14:28:44	f6a6a9e7-d3ca-4757-be04-955e9e1fad59	GET	/catalog/books	http://localhost:3000
20240112	14:29:26	ccfea11d-6348-4238-b530-697a3a57de0b	OPTIONS	/catalog/books	http://localhost:3000
20240112	14:29:26	f35402da-0618-4b7e-bca5-3b5b75cfde6d	OPTIONS	/catalog/books	http://localhost:3000
20240112	14:29:26	f43c0def-e95f-4a3b-817d-af85376c0559	GET	/catalog/books	http://localhost:3000
20240112	14:29:26	2fa7edf8-f85a-459e-bab3-19a85fce08ef	GET	/catalog/books	http://localhost:3000
20240112	14:29:48	60bdd9f0-b52f-4029-9670-cf8f4d61ba0e	OPTIONS	/catalog/books	http://localhost:3000
20240112	14:29:48	4dce52d8-9d02-4299-8596-00dd27e2e545	OPTIONS	/catalog/books	http://localhost:3000
20240112	14:29:48	b6859a37-7c1c-4642-813a-0286a7958d06	GET	/catalog/books	http://localhost:3000
20240112	14:29:48	937aafb8-94fa-4a53-97ac-7af9c2e6e123	GET	/catalog/books	http://localhost:3000
20240112	14:29:59	b1c6bd01-f5be-4e71-a89f-02dc59633b41	OPTIONS	/catalog/books	http://localhost:3000
20240112	14:29:59	cd8df539-5d38-48ca-844c-a41ee0cbbe7a	GET	/catalog/books	http://localhost:3000
20240112	14:29:59	047546b6-94f1-4b78-aa78-0305b0ba7e68	OPTIONS	/catalog/books	http://localhost:3000
20240112	14:29:59	d7160e01-7e1e-409e-957e-5da9d9f65378	GET	/catalog/books	http://localhost:3000
20240112	14:31:29	b1bae4f2-db28-4d8a-bada-a1f6075ebc90	OPTIONS	/catalog/books	http://localhost:3000
20240112	14:31:29	1031fa24-8d40-46e1-a4c0-3ab37c9403fe	GET	/catalog/books	http://localhost:3000
20240112	14:31:29	55d8c018-a2e6-41f0-b9dd-abfc9283f19e	OPTIONS	/catalog/books	http://localhost:3000
20240112	14:31:29	62144e9c-3852-4687-9e1c-76db641d4ff6	GET	/catalog/books	http://localhost:3000
20240112	14:32:15	d981a7ba-c611-461f-baaa-8df38ef5bced	OPTIONS	/catalog/books	http://localhost:3000
20240112	14:32:15	d1da397b-a697-43d7-a0e5-f58cc3bb0cc1	GET	/catalog/books	http://localhost:3000
20240112	14:32:15	407ee9ec-ab71-4140-975c-16adc8b77e37	OPTIONS	/catalog/books	http://localhost:3000
20240112	14:32:15	bc95c6d3-74ba-4256-93a9-c0f6e5b520c8	GET	/catalog/books	http://localhost:3000
20240112	14:32:30	ff9b015e-9c4b-4b79-9d64-bcbb1aa42b5e	OPTIONS	/catalog/books	http://localhost:3000
20240112	14:32:30	69ebfae9-9307-4003-9bd8-8f0de45ddaf5	OPTIONS	/catalog/books	http://localhost:3000
20240112	14:32:30	2a17f6d5-76b9-455e-b618-f27962c1f79b	GET	/catalog/books	http://localhost:3000
20240112	14:32:30	77bb91ed-520e-438a-ab95-ef7c7d3c6656	GET	/catalog/books	http://localhost:3000
20240112	14:32:33	652abed2-cc45-45bb-b77d-a7261f96c49d	GET	/catalog/books	http://localhost:3000
20240112	14:32:33	44cdb8c1-2e25-4a17-aa6b-3123d7ab98f5	GET	/catalog/books	http://localhost:3000
20240112	14:32:33	4c23f048-2df0-4f8c-84ad-25c9a92c314f	GET	/catalog/books	http://localhost:3000
20240112	14:32:33	0c4e22ee-4829-400c-a1b8-3f635110b36a	GET	/catalog/books	http://localhost:3000
20240112	14:34:11	eb4dd73e-860a-4552-b276-d7e1d1097662	OPTIONS	/catalog/books	http://localhost:3000
20240112	14:34:11	070040cb-4155-4d35-a10a-43dbf110c529	OPTIONS	/catalog/books	http://localhost:3000
20240112	14:34:11	b5f7cf57-26d1-4c83-bc81-5971b23fbecd	OPTIONS	/catalog/books	http://localhost:3000
20240112	14:34:11	2f0f9549-b36a-4ecb-a662-a899996e4ff0	OPTIONS	/catalog/books	http://localhost:3000
20240112	14:34:11	de0728ed-9d87-468a-98b0-3e77cf2deba2	GET	/catalog/books	http://localhost:3000
20240112	14:34:11	4af46404-1f22-413a-8e60-822ed31bb855	GET	/catalog/books	http://localhost:3000
20240112	14:34:11	fb5146c8-194e-431b-9071-da5baab3ba66	GET	/catalog/books	http://localhost:3000
20240112	14:34:11	c9153492-cb54-42af-951f-702cc34f7f5d	GET	/catalog/books	http://localhost:3000
20240112	14:35:05	7b7b0861-366e-409a-bef1-9f6a0e5600e1	OPTIONS	/catalog/books	http://localhost:3000
20240112	14:35:05	96f32c24-9dff-4140-bdb0-791544df2986	OPTIONS	/catalog/books	http://localhost:3000
20240112	14:35:05	77431294-b73a-427e-858f-9b88abb13e2a	GET	/catalog/books	http://localhost:3000
20240112	14:35:05	91294f73-4542-467b-b125-7981e3e5543c	GET	/catalog/books	http://localhost:3000
20240112	14:35:18	ab82959e-8935-4acd-9323-9f128ec17059	OPTIONS	/catalog/books	http://localhost:3000
20240112	14:35:18	f26ff7bd-3bfd-4005-b0c4-c631f34eb525	OPTIONS	/catalog/books	http://localhost:3000
20240112	14:35:18	1475c1d8-ca25-451f-8a80-c15def82b4eb	OPTIONS	/catalog/books	http://localhost:3000
20240112	14:35:18	ef8d5cc0-9d84-4836-b2c7-0542fd0b45c5	OPTIONS	/catalog/books	http://localhost:3000
20240112	14:35:18	714cba2e-44be-4266-92d1-4eeae5c4ada2	GET	/catalog/books	http://localhost:3000
20240112	14:35:18	470b3cfe-970c-487d-9afc-59adcb42a66b	GET	/catalog/books	http://localhost:3000
20240112	14:35:19	5480dd9d-17b1-41eb-923d-157a06c62549	GET	/catalog/books	http://localhost:3000
20240112	14:35:19	2e672ab3-ffe8-4c9f-8741-ea40c6721a85	GET	/catalog/books	http://localhost:3000
20240112	14:35:20	c5f27c09-8909-48db-8267-cf21cbd1abb5	OPTIONS	/catalog/book/659d4ba62931928de4080fd9	http://localhost:3000
20240112	14:35:20	5ba3eab4-f74e-40e5-9e9f-03317ff138fc	GET	/catalog/book/659d4ba62931928de4080fd9	http://localhost:3000
20240112	14:35:22	663afee6-a8e9-4d29-b5c4-14c619849319	PATCH	/catalog/book/659d4ba62931928de4080fd9	http://localhost:3000
20240112	14:35:22	59dd1f99-d8e3-4919-8411-df29be9a7fbe	GET	/catalog/books	http://localhost:3000
20240112	14:35:30	90f374ab-05bb-4ff8-bcbf-129d1a681242	OPTIONS	/catalog/books	http://localhost:3000
20240112	14:35:30	06e1b08e-3d45-4539-a169-4c01e68064f3	OPTIONS	/catalog/books	http://localhost:3000
20240112	14:35:30	558e2aa9-1865-4737-acd8-467df19bf4d0	OPTIONS	/catalog/book/659d4ba62931928de4080fd9	http://localhost:3000
20240112	14:35:30	e67f570f-c3ef-4750-a8a0-0076cad033f8	GET	/catalog/books	http://localhost:3000
20240112	14:35:30	aca9dbfa-119c-40f8-99fc-86351f254cbc	GET	/catalog/book/659d4ba62931928de4080fd9	http://localhost:3000
20240112	14:35:30	ffa22ea1-c5cf-4c58-9e87-2ca570891135	GET	/catalog/books	http://localhost:3000
20240112	14:35:43	3977bcde-c5de-47ca-835a-db3557494cec	OPTIONS	/catalog/books	http://localhost:3000
20240112	14:35:43	77ab3bb5-ae5c-4db3-b912-1f48326efd23	OPTIONS	/catalog/books	http://localhost:3000
20240112	14:35:43	70eb2b61-3d62-477c-a450-6453fc6fcf0d	OPTIONS	/catalog/book/659d4ba62931928de4080fd9	http://localhost:3000
20240112	14:35:43	e8cbf5f6-d69f-446f-a7d2-cebb208fe46c	GET	/catalog/books	http://localhost:3000
20240112	14:35:43	c146737a-32ce-46fc-8b98-f536280163ef	GET	/catalog/book/659d4ba62931928de4080fd9	http://localhost:3000
20240112	14:35:43	db47c316-6a78-44d7-9ee3-8a47df371a6a	GET	/catalog/books	http://localhost:3000
20240112	14:35:57	b9b3c071-ebeb-42c9-be86-351c1f24eae6	OPTIONS	/catalog/books	http://localhost:3000
20240112	14:35:57	237430ef-1f34-4c72-b0ce-48ead13a9dba	OPTIONS	/catalog/books	http://localhost:3000
20240112	14:35:57	0805f988-ef68-4d84-b2e3-badc83543fbe	OPTIONS	/catalog/book/659d4ba62931928de4080fd9	http://localhost:3000
20240112	14:35:57	b7bb53ea-c64a-47e5-8fec-d1c57601082b	GET	/catalog/books	http://localhost:3000
20240112	14:35:57	ca951f03-9382-48e1-86b8-8aab64ffdb02	GET	/catalog/book/659d4ba62931928de4080fd9	http://localhost:3000
20240112	14:35:57	e0926a64-04d9-4a3d-9bb0-527e0c605379	GET	/catalog/books	http://localhost:3000
20240112	14:36:00	2e6df344-6d32-4a6f-ba1c-61b3dfdb7c32	GET	/catalog/books	http://localhost:3000
20240112	14:36:00	5145a40c-ab83-4cb6-b664-c63d621be61a	GET	/catalog/books	http://localhost:3000
20240112	14:36:00	a67dc316-e18b-4ba9-8dc5-dd9668fc6748	GET	/catalog/books	http://localhost:3000
20240112	14:36:00	3fc93a22-bc9a-451c-b4b6-3dccffe49e86	GET	/catalog/books	http://localhost:3000
20240112	14:36:16	7417891c-7826-4832-8afa-29b579a0c491	OPTIONS	/catalog/book/659d4d5f8558c352ba23befd	http://localhost:3000
20240112	14:36:16	ee792113-1967-4961-9732-c3f787b63113	GET	/catalog/book/659d4d5f8558c352ba23befd	http://localhost:3000
20240112	14:36:18	4001150c-417f-4906-8fd5-0f3e495d7da4	OPTIONS	/catalog/books	http://localhost:3000
20240112	14:36:18	2b428f64-0dae-4434-97b8-3208d11ea589	POST	/catalog/books	http://localhost:3000
20240112	14:36:18	836ef676-1160-4f76-8f42-50ccdc416094	GET	/catalog/books	http://localhost:3000
20240112	14:36:23	2e05b22d-b5c3-4128-af80-7da6debf5d65	OPTIONS	/catalog/book/65a132421398b997666080b2	http://localhost:3000
20240112	14:36:23	d434737e-5ab9-440c-b19f-27c505c10a71	GET	/catalog/book/65a132421398b997666080b2	http://localhost:3000
20240112	14:36:24	b91beabe-c8dd-4a94-a258-0b847127b0a6	DELETE	/catalog/book/65a132421398b997666080b2	http://localhost:3000
20240112	14:36:24	6d299238-c6d1-4165-b23b-65f1516e1dd1	OPTIONS	/catalog/books	http://localhost:3000
20240112	14:36:24	bca51146-ea22-4483-935d-a6e3fd7fe6f5	GET	/catalog/books	http://localhost:3000
20240112	14:38:06	0b7a0fd9-b764-4e4e-9e48-387feebfcea9	OPTIONS	/catalog/books	http://localhost:3000
20240112	14:38:06	ae5295ba-28ce-4c6c-8fff-880e70e5875e	OPTIONS	/catalog/books	http://localhost:3000
20240112	14:38:06	96e2e0ce-888a-470e-a7cf-a547ed608a31	OPTIONS	/catalog/book/65a132421398b997666080b2	http://localhost:3000
20240112	14:38:06	6f1860b4-ccd0-40d3-9699-8dca05d94e4f	GET	/catalog/books	http://localhost:3000
20240112	14:38:06	49fb07bf-1f5c-402e-bc48-69886fcac504	GET	/catalog/book/65a132421398b997666080b2	http://localhost:3000
20240112	14:38:06	f65d5c45-a331-4c52-93ba-38347e905765	GET	/catalog/books	http://localhost:3000
20240112	14:38:23	6a65da94-5bdb-4510-8bd2-761caf46f3c7	OPTIONS	/catalog/books	http://localhost:3000
20240112	14:38:23	31321c4b-fb9c-4ef7-b4bd-ffa75bbe94e0	OPTIONS	/catalog/books	http://localhost:3000
20240112	14:38:23	76622582-3c1e-48ec-a3a6-58d273ee73a8	OPTIONS	/catalog/books	http://localhost:3000
20240112	14:38:23	bf5ad9d5-9d2d-4d9e-b7c5-00eb5a8d3a4d	OPTIONS	/catalog/books	http://localhost:3000
20240112	14:38:23	95d22ed7-0426-4966-9b77-5c74617e9e9c	GET	/catalog/books	http://localhost:3000
20240112	14:38:23	80fbaee1-5d66-41a0-88c8-5b2156338f9d	GET	/catalog/books	http://localhost:3000
20240112	14:38:23	6621bff0-eba4-45ab-a40b-a229fa71a3e0	GET	/catalog/books	http://localhost:3000
20240112	14:38:23	26a62ae5-61a1-4489-b1f7-a45cafa69623	GET	/catalog/books	http://localhost:3000
20240112	14:38:25	4f8fc488-ffd6-4bb9-9e4d-bff8a7731df3	OPTIONS	/catalog/book/659d4ba62931928de4080fd9	http://localhost:3000
20240112	14:38:25	41347079-0e95-43e5-b094-95aec9351799	GET	/catalog/book/659d4ba62931928de4080fd9	http://localhost:3000
20240112	14:38:29	7f777d85-e85b-46f2-af44-7fc4a569a251	OPTIONS	/catalog/books	http://localhost:3000
20240112	14:38:29	53ee611d-76b2-4d95-b89d-e1dff4d3f110	POST	/catalog/books	http://localhost:3000
20240112	14:38:29	18145be8-a9f0-4467-a46c-21d65956987a	GET	/catalog/books	http://localhost:3000
20240112	14:38:31	7c270994-e2f5-4382-a85e-428c12266941	OPTIONS	/catalog/book/65a132c5c9dd2d529a0eecb5	http://localhost:3000
20240112	14:38:31	fb631647-7f19-4fbe-bbed-3caffe640dd9	GET	/catalog/book/65a132c5c9dd2d529a0eecb5	http://localhost:3000
20240112	14:38:32	3c1ad3be-f4b8-452a-b6d1-dff0e9501df3	DELETE	/catalog/book/65a132c5c9dd2d529a0eecb5	http://localhost:3000
20240112	14:38:32	b24d8fa5-0c06-4ad7-bc2a-624c1da77781	GET	/catalog/books	http://localhost:3000
20240112	14:40:04	988b1702-9671-488f-884d-2c21fb7e40f0	OPTIONS	/catalog/book/65a132c5c9dd2d529a0eecb5	http://localhost:3000
20240112	14:40:04	d8aaf94d-28ed-4a5c-9929-398a64249cf6	OPTIONS	/catalog/books	http://localhost:3000
20240112	14:40:04	c432949a-0754-4657-a161-31781f739319	OPTIONS	/catalog/books	http://localhost:3000
20240112	14:40:04	85083055-5e30-4861-a13a-d91f4da2cc55	GET	/catalog/book/65a132c5c9dd2d529a0eecb5	http://localhost:3000
20240112	14:40:04	f902b741-acc6-4b20-a3ef-0f83ee992762	GET	/catalog/books	http://localhost:3000
20240112	14:40:05	768de18a-6b02-456f-a64d-d918d19d3d28	GET	/catalog/books	http://localhost:3000
20240112	14:40:07	93af8d15-420a-48f1-a7f6-2db23248c8fc	GET	/catalog/books	http://localhost:3000
20240112	14:40:07	f32f7491-a27b-4e85-85c0-219290c69832	GET	/catalog/books	http://localhost:3000
20240112	14:40:07	a275404c-d600-45b4-8f31-de56e4189c03	GET	/catalog/books	http://localhost:3000
20240112	14:40:07	afded917-e908-48b4-af4d-d28f562d2392	GET	/catalog/books	http://localhost:3000
20240112	14:41:34	b35ec0b8-ada9-4d39-b90e-bd74923600e0	OPTIONS	/catalog/books	http://localhost:3000
20240112	14:41:34	981cb8ac-87dc-4e52-a618-b26479902f6a	OPTIONS	/catalog/books	http://localhost:3000
20240112	14:41:34	87703b5e-2c02-4b80-8a1f-b52f00f62edb	GET	/catalog/books	http://localhost:3000
20240112	14:41:34	684347fc-b449-4ac4-98f8-d6ff57f7564e	GET	/catalog/books	http://localhost:3000
20240112	14:41:39	437be907-0abc-4297-a565-0d9e3a2c3a50	GET	/catalog/books	http://localhost:3000
20240112	14:41:39	0338dbd8-ec8c-45cf-a951-ecc706282570	GET	/catalog/books	http://localhost:3000
20240112	14:41:39	4cbf7574-3800-4971-8580-27bde4923c13	GET	/catalog/books	http://localhost:3000
20240112	14:41:39	32c9772a-c839-497f-a0ea-3a6df4aa8363	GET	/catalog/books	http://localhost:3000
20240112	14:42:29	cc680ac3-bf5c-4b46-b32b-643e7729e0a5	OPTIONS	/catalog/books	http://localhost:3000
20240112	14:42:29	882be2c2-8c91-410f-8da7-915a97c726ee	OPTIONS	/catalog/books	http://localhost:3000
20240112	14:42:29	68619048-e282-45f7-813b-92c9a2827bb2	GET	/catalog/books	http://localhost:3000
20240112	14:42:29	b1ad14eb-e54a-43ff-847f-5629ca0a1230	GET	/catalog/books	http://localhost:3000
20240112	14:42:41	26608736-5442-4938-b76b-7d15d1004312	OPTIONS	/catalog/books	http://localhost:3000
20240112	14:42:41	90325eab-b399-4017-8139-0e19d14b4b43	GET	/catalog/books	http://localhost:3000
20240112	14:42:41	a7af1692-c9e2-4d2c-b45f-6690e9e280ae	OPTIONS	/catalog/books	http://localhost:3000
20240112	14:42:41	e933d89d-9e75-4919-b6f6-25a71be05032	GET	/catalog/books	http://localhost:3000
20240112	14:44:24	df6e9e0b-bda6-4920-b980-4cae801f8e4a	OPTIONS	/catalog/books	http://localhost:3000
20240112	14:44:24	69ac76b0-f001-4b07-a513-183856695687	GET	/catalog/books	http://localhost:3000
20240112	14:44:24	1b959ca4-994b-426a-8b72-bdfe496db720	OPTIONS	/catalog/books	http://localhost:3000
20240112	14:44:24	6dbd276b-c034-456a-a8e1-967a366f06b8	GET	/catalog/books	http://localhost:3000
20240112	14:44:32	d0b404b5-c7d2-45d1-a751-1f4291a63262	OPTIONS	/catalog/books	http://localhost:3000
20240112	14:44:32	bae4a6f2-cc36-4a25-b674-a400bb9fa96f	GET	/catalog/books	http://localhost:3000
20240112	14:44:32	e1707718-1268-4843-ab47-54d2e3cbb1a1	OPTIONS	/catalog/books	http://localhost:3000
20240112	14:44:32	2028181e-5e87-425b-8443-dbf1d68dfc96	OPTIONS	/catalog/books	http://localhost:3000
20240112	14:44:32	a7115c80-7912-4bba-a276-ffbbed92e029	OPTIONS	/catalog/books	http://localhost:3000
20240112	14:44:32	35781ed0-741b-42e0-8558-d257fa8b6cc4	GET	/catalog/books	http://localhost:3000
20240112	14:44:32	d6b4c980-fc80-4e8c-a7a3-85aeb042bd3c	GET	/catalog/books	http://localhost:3000
20240112	14:44:32	4ca2b142-9185-43c8-a9a7-fa99ee77d3a0	GET	/catalog/books	http://localhost:3000
20240112	14:44:42	4d7d05ef-c027-4751-a38c-a8ffed0281b2	OPTIONS	/catalog/books	http://localhost:3000
20240112	14:44:42	2ea31760-651a-41fb-a1c1-0baced0019a0	OPTIONS	/catalog/books	http://localhost:3000
20240112	14:44:42	61e9fc13-9634-41ba-ba8a-523bfbe74dd5	GET	/catalog/books	http://localhost:3000
20240112	14:44:42	7e575cf7-d26e-45c8-81bc-2712fec949bd	GET	/catalog/books	http://localhost:3000
20240112	14:44:47	e9971dc2-c7d0-48ea-988b-d6899cbb714f	OPTIONS	/catalog/books	http://localhost:3000
20240112	14:44:47	b932cafb-97e2-4154-8b26-9c402bb68f73	OPTIONS	/catalog/books	http://localhost:3000
20240112	14:44:47	b5d448ad-16c0-4a3a-97f7-f09769043e4e	OPTIONS	/catalog/books	http://localhost:3000
20240112	14:44:47	b856e090-8380-47d8-8567-2ed10b811f43	OPTIONS	/catalog/books	http://localhost:3000
20240112	14:44:47	510cc36d-1a22-4f26-979f-bf497d8a51ba	GET	/catalog/books	http://localhost:3000
20240112	14:44:47	9578b2b7-a7e9-41f4-bba9-a681459abfae	GET	/catalog/books	http://localhost:3000
20240112	14:44:47	eb084615-dceb-4f03-8478-9327c46af254	GET	/catalog/books	http://localhost:3000
20240112	14:44:47	6dac84a1-3c31-4e03-a86f-888413bee404	GET	/catalog/books	http://localhost:3000
20240112	14:47:44	573af8ba-d019-4b2d-9bce-d4297abc4bce	OPTIONS	/catalog/books	http://localhost:3000
20240112	14:47:44	92d0ad6d-a4ed-43c0-b3d6-2faffdf6f1a2	OPTIONS	/catalog/books	http://localhost:3000
20240112	14:47:44	90e3cb5a-9724-4279-95de-f0274deea528	OPTIONS	/catalog/books	http://localhost:3000
20240112	14:47:44	17e54464-49fd-4c26-9456-7da2bd844628	OPTIONS	/catalog/books	http://localhost:3000
20240112	14:47:44	2188263d-2cfe-4a40-b02b-96bd1ee7c0d7	GET	/catalog/books	http://localhost:3000
20240112	14:47:44	6c13f703-2e3a-45c5-abca-77d2075cfcff	GET	/catalog/books	http://localhost:3000
20240112	14:47:44	a8386d90-6791-4e55-a85a-2825b328d41c	GET	/catalog/books	http://localhost:3000
20240112	14:47:44	0306e132-b96d-4615-a54b-3d41abf4b238	GET	/catalog/books	http://localhost:3000
20240112	14:48:10	81fc0de6-f7f6-4774-b860-0cc9f6b4e06b	OPTIONS	/catalog/books	http://localhost:3000
20240112	14:48:10	cc046148-a6ab-4195-b5b5-2084cac58e23	OPTIONS	/catalog/books	http://localhost:3000
20240112	14:48:10	fb89e92f-410e-43e2-80c0-2f6530892bd1	GET	/catalog/books	http://localhost:3000
20240112	14:48:10	b883abbf-399e-4673-979a-1e029832d52c	GET	/catalog/books	http://localhost:3000
20240112	14:48:30	a86fa796-fa35-4e2c-9154-ba812e1393b7	OPTIONS	/catalog/books	http://localhost:3000
20240112	14:48:30	6588d709-6524-4bc2-bd92-001ebd887b86	OPTIONS	/catalog/books	http://localhost:3000
20240112	14:48:30	99d7d6d6-2867-4dc2-bc05-be7b350b9760	OPTIONS	/catalog/books	http://localhost:3000
20240112	14:48:30	9f81cd3c-96c7-44b5-ac46-3e67e48ff31c	OPTIONS	/catalog/books	http://localhost:3000
20240112	14:48:30	c5a51505-fe6d-4bf2-8d09-b2de7f31ab07	GET	/catalog/books	http://localhost:3000
20240112	14:48:30	b9108f35-fa52-4f8e-af26-3b47242f84e4	GET	/catalog/books	http://localhost:3000
20240112	14:48:30	068b87bd-c8b0-4a94-8d16-f2a5af697eb7	GET	/catalog/books	http://localhost:3000
20240112	14:48:30	33a27b48-afe9-4f76-ac80-4147ec92f370	GET	/catalog/books	http://localhost:3000
20240112	14:49:22	69d344e1-be97-40ad-9751-772226ec84c3	OPTIONS	/catalog/books	http://localhost:3000
20240112	14:49:22	5a1fa6f9-c7c0-4d9e-807a-902d4475bbb1	OPTIONS	/catalog/books	http://localhost:3000
20240112	14:49:22	59033f8b-5e06-41aa-9f1d-dc4b514f901f	GET	/catalog/books	http://localhost:3000
20240112	14:49:22	6baa91aa-04f2-4065-83b9-64e57874bd3a	GET	/catalog/books	http://localhost:3000
20240112	14:49:24	d319d0ec-9abc-4cde-897c-9977748a40ca	GET	/catalog/books	http://localhost:3000
20240112	14:49:24	8d4d61b1-c227-408f-aa5f-33f59d5fc116	GET	/catalog/books	http://localhost:3000
20240112	14:49:24	e4ad40f7-6450-4596-b1a0-57a45fec494f	GET	/catalog/books	http://localhost:3000
20240112	14:49:24	5af02876-046b-4357-bf0c-1c328e581a15	GET	/catalog/books	http://localhost:3000
20240112	14:50:29	6fe1c59f-e196-4204-9abb-4824861464f4	OPTIONS	/catalog/books	http://localhost:3000
20240112	14:50:29	59456933-5b76-4857-849f-2892b340f584	GET	/catalog/books	http://localhost:3000
20240112	14:50:29	13ae872d-21a0-4108-aca1-32ad1c9163ea	OPTIONS	/catalog/books	http://localhost:3000
20240112	14:50:29	c417d2bd-f7b5-48c9-90a1-249abc71ccfc	OPTIONS	/catalog/books	http://localhost:3000
20240112	14:50:29	51fc31b3-1545-498c-84a0-dca9cdf6a713	OPTIONS	/catalog/books	http://localhost:3000
20240112	14:50:29	f12d9f3a-7d86-40da-a735-5178910b9f81	GET	/catalog/books	http://localhost:3000
20240112	14:50:29	0a6f24f2-9565-4896-a6d6-a3efa3f82327	GET	/catalog/books	http://localhost:3000
20240112	14:50:29	469f8a9f-5509-4b66-936f-66100ed12f26	GET	/catalog/books	http://localhost:3000
20240112	14:51:51	f356de17-c17a-49bc-9edd-4b3e78eb5a8e	OPTIONS	/catalog/books	http://localhost:3000
20240112	14:51:51	99ab9362-9cd0-465f-9411-9301499be106	GET	/catalog/books	http://localhost:3000
20240112	14:51:51	a2f2578e-9f55-4797-a525-11fff0352c8d	OPTIONS	/catalog/books	http://localhost:3000
20240112	14:51:51	8b98424c-35f5-41bd-8611-a88ea655c0a3	OPTIONS	/catalog/books	http://localhost:3000
20240112	14:51:51	c494ba2f-3eea-4526-bd69-d405a48e2fa5	OPTIONS	/catalog/books	http://localhost:3000
20240112	14:51:51	d0eaf031-60c7-4792-ae8b-1a2691206fee	GET	/catalog/books	http://localhost:3000
20240112	14:51:51	4b125b6c-399b-4f53-9eab-0eac111b15e9	GET	/catalog/books	http://localhost:3000
20240112	14:51:51	f5b39ddc-bfa5-47e4-a9d1-43e6b432dd75	GET	/catalog/books	http://localhost:3000
20240112	14:51:54	2290471e-f0f7-4239-a24e-c6940648df3c	GET	/catalog/books	http://localhost:3000
20240112	14:51:54	c26b1c55-fd8f-4650-8e0b-4045009ab008	GET	/catalog/books	http://localhost:3000
20240112	14:51:54	d51e822d-b622-40f9-9423-fbd3ca310c4b	GET	/catalog/books	http://localhost:3000
20240112	14:51:54	19091280-4e71-4fee-9a4a-25a54932df6a	GET	/catalog/books	http://localhost:3000
20240112	14:52:45	d33d9a62-45ae-4277-83cb-e26209f360b9	OPTIONS	/catalog/books	http://localhost:3000
20240112	14:52:45	325af660-aa73-45cf-9939-295df7a8f624	OPTIONS	/catalog/books	http://localhost:3000
20240112	14:52:45	bca3704e-e8ee-414f-9d7d-8574ea5f154c	GET	/catalog/books	http://localhost:3000
20240112	14:52:45	9379cbd7-9550-42c0-bb6e-6245d5a6ae3b	GET	/catalog/books	http://localhost:3000
20240112	14:52:48	f5e71109-6df2-4d5f-8599-6e2b500781db	GET	/catalog/books	http://localhost:3000
20240112	14:52:48	104d89bb-bcfa-4f61-a931-c5fdd2f9b392	GET	/catalog/books	http://localhost:3000
20240112	14:52:48	ff4f2666-6161-45a5-a65e-f1b5b020a12c	GET	/catalog/books	http://localhost:3000
20240112	14:52:48	6fb81671-556b-42df-8619-7c71ec2800e4	GET	/catalog/books	http://localhost:3000
20240112	14:53:17	fa24da5f-6263-4439-b271-b85793f9e2c1	OPTIONS	/catalog/books	http://localhost:3000
20240112	14:53:17	a7318a83-3d68-4952-a692-4aedbb6eae10	OPTIONS	/catalog/books	http://localhost:3000
20240112	14:53:17	8ea038be-6ca8-4f95-8404-80151840d225	GET	/catalog/books	http://localhost:3000
20240112	14:53:17	ec179ec7-1bca-4f63-8f15-14a27adcf504	GET	/catalog/books	http://localhost:3000
20240112	14:53:26	efd7d964-a623-4e9c-a505-b8528ce0fbba	OPTIONS	/catalog/books	http://localhost:3000
20240112	14:53:26	e220a336-d0c1-4dab-80c9-a3f91f978dfc	GET	/catalog/books	http://localhost:3000
20240112	14:53:26	bfe73b46-3f4d-40de-93b7-eb4b160ff49e	OPTIONS	/catalog/books	http://localhost:3000
20240112	14:53:26	ac093eaa-9c93-4c3e-97ea-04baeb4d405d	GET	/catalog/books	http://localhost:3000
20240112	14:55:09	268af309-ff0c-469b-821e-4211baba3d47	OPTIONS	/catalog/books	http://localhost:3000
20240112	14:55:09	62c10950-8767-446d-8bd7-18263ab11c39	GET	/catalog/books	http://localhost:3000
20240112	14:55:09	15fc0f23-88f6-4c25-9fb3-d90e30fc9447	OPTIONS	/catalog/books	http://localhost:3000
20240112	14:55:09	311dc1d9-fe63-4b53-90d8-0a3fb60c0df2	GET	/catalog/books	http://localhost:3000
20240112	14:55:14	f2850dfc-74be-4582-a6e1-37b2c7c76df7	GET	/catalog/books	http://localhost:3000
20240112	14:55:14	6a8175bd-22ce-4008-b3f5-c168c2cff335	GET	/catalog/books	http://localhost:3000
20240112	14:55:17	66fd9a81-3d98-4a67-9a36-23e521452f81	OPTIONS	/catalog/books	http://localhost:3000
20240112	14:55:17	f2f84c04-1959-4470-9e55-8f38c80110f0	OPTIONS	/catalog/books	http://localhost:3000
20240112	14:55:17	f37027b5-23e1-4039-b340-de3dbd1774fe	OPTIONS	/catalog/books	http://localhost:3000
20240112	14:55:17	cd9a81b5-c15e-44a1-ab7c-5d946245d701	OPTIONS	/catalog/books	http://localhost:3000
20240112	14:55:17	23fa323f-a972-409c-b7cc-af9f5d22e5d9	GET	/catalog/books	http://localhost:3000
20240112	14:55:18	b726b13c-4974-4083-a2d3-c0d14b2d9d0a	GET	/catalog/books	http://localhost:3000
20240112	14:55:18	a30a1098-2749-4080-8cb0-09feada0b275	GET	/catalog/books	http://localhost:3000
20240112	14:55:18	cf11a38a-1860-4af5-b6a4-3da962835f70	GET	/catalog/books	http://localhost:3000
20240112	14:55:25	65a34fdb-69c6-423d-af2e-2632325b97fc	OPTIONS	/catalog/books	http://localhost:3000
20240112	14:55:25	39a030cf-7ee6-4e34-afe6-2a962ee72613	OPTIONS	/catalog/books	http://localhost:3000
20240112	14:55:25	dc6cb630-423a-4002-b401-7c5a1d9c35da	OPTIONS	/catalog/books	http://localhost:3000
20240112	14:55:25	d2ca1689-64c7-42d1-af48-ca12428f395c	OPTIONS	/catalog/books	http://localhost:3000
20240112	14:55:25	b19342c4-7b8b-4f4d-bd23-f6ddb9839f1e	GET	/catalog/books	http://localhost:3000
20240112	14:55:25	d24598fc-0ebc-41e4-b10c-2cb397f607a7	GET	/catalog/books	http://localhost:3000
20240112	14:55:25	92f37720-6612-48b9-aa45-a3071515b76c	GET	/catalog/books	http://localhost:3000
20240112	14:55:25	45effbb1-b07a-429a-be0c-4a1ffc3db6e6	GET	/catalog/books	http://localhost:3000
20240112	14:56:37	7901a3a3-022e-416b-b18d-9f838651a958	OPTIONS	/catalog/books	http://localhost:3000
20240112	14:56:37	bc4e20e0-6845-4954-ae80-2f22ab64d925	OPTIONS	/catalog/books	http://localhost:3000
20240112	14:56:37	533e2e5b-7cc1-46e5-a82b-189d1c3ba6f0	OPTIONS	/catalog/books	http://localhost:3000
20240112	14:56:37	56e9adfe-d420-4a2b-814b-118ab56efcc7	GET	/catalog/books	http://localhost:3000
20240112	14:56:37	4a7ee98f-8828-4173-b07d-40917184a625	OPTIONS	/catalog/books	http://localhost:3000
20240112	14:56:37	e78a33ea-f11b-437e-8ca4-64b404c48f71	GET	/catalog/books	http://localhost:3000
20240112	14:56:37	de92589f-aa82-4d49-9291-ae315caaa642	GET	/catalog/books	http://localhost:3000
20240112	14:56:37	37851b5d-041b-4237-8dcb-bfb14ff4c36c	GET	/catalog/books	http://localhost:3000
20240112	14:56:41	eb582a21-4734-40b1-8516-c5dcb09761d1	GET	/catalog/books	http://localhost:3000
20240112	14:56:41	88c239db-c60c-4e2f-908f-f49d1f11f4c5	GET	/catalog/books	http://localhost:3000
20240112	14:56:41	50329572-a701-4b0c-84f2-7729f8477123	GET	/catalog/books	http://localhost:3000
20240112	14:56:41	648e5745-bfcf-4e83-a00b-d3f6158a01fc	GET	/catalog/books	http://localhost:3000
20240112	14:56:55	4337c246-e94c-4fd0-8328-d5be0040e66f	OPTIONS	/catalog/books	http://localhost:3000
20240112	14:56:55	f19df2d8-990b-45ca-985c-8ea956195641	OPTIONS	/catalog/books	http://localhost:3000
20240112	14:56:55	e2344c38-9708-4691-8434-d7c3cdca9d25	OPTIONS	/catalog/books	http://localhost:3000
20240112	14:56:55	757f275a-07ae-4166-9534-cb4b00d279b3	OPTIONS	/catalog/books	http://localhost:3000
20240112	14:56:55	b14a0e8c-0ecd-4007-be28-c98ff71f1b17	GET	/catalog/books	http://localhost:3000
20240112	14:56:55	5d1c2929-889c-432d-af9a-2a84abe6b2d4	GET	/catalog/books	http://localhost:3000
20240112	14:56:55	81d7015a-86e4-4913-9afb-4650a1e23a27	GET	/catalog/books	http://localhost:3000
20240112	14:56:55	5817be13-d136-4bcb-8eea-7131cc2253d4	GET	/catalog/books	http://localhost:3000
20240112	14:56:59	65952f8f-d09a-4dc6-b384-13e7bd6f1ee0	GET	/catalog/books	http://localhost:3000
20240112	14:56:59	621e7637-58fe-4b48-bcd4-a9b29be91c60	GET	/catalog/books	http://localhost:3000
20240112	14:56:59	be530442-5320-423a-a534-b54089cddf33	GET	/catalog/books	http://localhost:3000
20240112	14:56:59	91bf5a04-ea7c-4680-8358-b7ff75f70214	GET	/catalog/books	http://localhost:3000
20240112	15:10:00	ee12eb20-f980-43d5-9568-db3adc10046e	OPTIONS	/catalog/books	http://localhost:3000
20240112	15:10:00	a72c40d3-4287-4d65-8247-d87d623263c1	OPTIONS	/catalog/books	http://localhost:3000
20240112	15:10:00	06690c65-5310-4ed2-b9f3-47ec3c5e0a05	GET	/catalog/books	http://localhost:3000
20240112	15:10:00	4c1891d2-ebad-4e32-bb60-65834e4a1ff2	OPTIONS	/catalog/books	http://localhost:3000
20240112	15:10:00	d52031d1-cfd4-4ccb-ae54-89f7b417c7a6	OPTIONS	/catalog/books	http://localhost:3000
20240112	15:10:00	422bcbfd-dd27-4813-b026-97cb03cb8a3a	GET	/catalog/books	http://localhost:3000
20240112	15:10:00	6a67ebc0-a79c-4a8e-a49e-0a452ec4d2bd	GET	/catalog/books	http://localhost:3000
20240112	15:10:00	87de56c6-edde-47da-bc53-d4f239532dba	GET	/catalog/books	http://localhost:3000
20240117	13:27:02	c0d75059-80d4-41c2-8901-a239a5f1cc98	OPTIONS	/catalog/books	http://localhost:3000
20240117	13:27:02	8bb77b43-485f-40f3-91c0-541beeb1937a	OPTIONS	/catalog/books	http://localhost:3000
20240117	13:27:02	565c9620-be3b-4af2-a204-bc89046246c3	OPTIONS	/catalog/books	http://localhost:3000
20240117	13:27:02	2691bd0a-4904-43f0-b4ad-79b90b09c071	OPTIONS	/catalog/books	http://localhost:3000
20240117	13:27:02	87a8b4a5-7026-48df-97a6-2de63cbefee4	GET	/catalog/books	http://localhost:3000
20240117	13:27:02	a9d70b57-6456-448f-b8ba-a49b45860b6d	GET	/catalog/books	http://localhost:3000
20240117	13:27:02	179d6f9e-5647-4696-8308-8ebbe5d58acf	GET	/catalog/books	http://localhost:3000
20240117	13:27:02	d917bb20-165c-499e-a1e2-eeef4aac2889	GET	/catalog/books	http://localhost:3000
20240117	13:43:50	cfddd675-db71-4e9e-88e7-93e5e7858b20	OPTIONS	/catalog/books	http://localhost:3000
20240117	13:43:50	862405e3-aa36-4ce9-9a34-4e60435a621f	OPTIONS	/catalog/books	http://localhost:3000
20240117	13:43:50	94fdf5c1-3f7e-44ac-91e0-385427d8320c	OPTIONS	/catalog/books	http://localhost:3000
20240117	13:43:50	d58cd80c-96e4-45f5-8b76-84fa8a6ac681	OPTIONS	/catalog/books	http://localhost:3000
20240117	13:43:50	ba698cf0-e5f1-4e62-92c1-4d3394b5665e	GET	/catalog/books	http://localhost:3000
20240117	13:43:50	b4965347-be5a-401b-aee9-2525f5404f29	GET	/catalog/books	http://localhost:3000
20240117	13:43:50	76b07d34-c8fb-4544-9c50-5ca2fcf0378e	GET	/catalog/books	http://localhost:3000
20240117	13:43:50	36874629-ec38-4164-a8b6-51567e816904	GET	/catalog/books	http://localhost:3000
20240118	16:23:11	5a906e3f-5f14-433b-8319-40367d8242f1	OPTIONS	/catalog/books	http://localhost:3000
20240118	16:23:11	7b3c2432-7464-4f1c-b957-085147016716	GET	/catalog/books	http://localhost:3000
20240118	16:23:12	3286aba5-6b5b-4068-be0b-bc9c0026841c	OPTIONS	/catalog/books	http://localhost:3000
20240118	16:23:12	0183cf11-dd47-4c40-ba99-b1c8e8be3a18	OPTIONS	/catalog/books	http://localhost:3000
20240118	16:23:12	68cd5bea-9013-40b0-9059-b816224ecdb4	OPTIONS	/catalog/books	http://localhost:3000
20240118	16:23:12	9b41eb20-b5ad-43f8-b496-c014859c4cdf	GET	/catalog/books	http://localhost:3000
20240118	16:23:12	1740840f-9c32-4fca-a06e-1b98c5a2dccf	GET	/catalog/books	http://localhost:3000
20240118	16:23:12	323791f6-4c3b-497a-b34c-484e5650ef80	GET	/catalog/books	http://localhost:3000
